  MySQLDBI_Attendance.cpp
c:\program files (x86)\mysql\mysql connector c++ 1.1.7\include\cppconn\sqlstring.h(39): warning C4251: 'sql::SQLString::realStr': class 'std::basic_string<char,std::char_traits<char>,std::allocator<char>>' needs to have dll-interface to be used by clients of class 'sql::SQLString'
  C:\Program Files (x86)\Microsoft Visual Studio 14.0\VC\include\xstring(2633): note: see declaration of 'std::basic_string<char,std::char_traits<char>,std::allocator<char>>'
c:\program files (x86)\mysql\mysql connector c++ 1.1.7\include\cppconn\exception.h(61): warning C4251: 'sql::SQLException::sql_state': class 'std::basic_string<char,std::char_traits<char>,std::allocator<char>>' needs to have dll-interface to be used by clients of class 'sql::SQLException'
  C:\Program Files (x86)\Microsoft Visual Studio 14.0\VC\include\xstring(2633): note: see declaration of 'std::basic_string<char,std::char_traits<char>,std::allocator<char>>'
c:\program files (x86)\mysql\mysql connector c++ 1.1.7\include\cppconn\exception.h(145): warning C4251: 'sql::SQLUnsupportedOptionException::option': class 'std::basic_string<char,std::char_traits<char>,std::allocator<char>>' needs to have dll-interface to be used by clients of struct 'sql::SQLUnsupportedOptionException'
  C:\Program Files (x86)\Microsoft Visual Studio 14.0\VC\include\xstring(2633): note: see declaration of 'std::basic_string<char,std::char_traits<char>,std::allocator<char>>'
C:\Program Files (x86)\MySQL\MySQL Connector C++ 1.1.7\include\mysql_connection.h(175): warning C4251: 'sql::mysql::MySQL_Connection::proxy': class 'boost::shared_ptr<sql::mysql::NativeAPI::NativeConnectionWrapper>' needs to have dll-interface to be used by clients of class 'sql::mysql::MySQL_Connection'
  C:\Program Files (x86)\MySQL\MySQL Connector C++ 1.1.7\include\mysql_connection.h(175): note: see declaration of 'boost::shared_ptr<sql::mysql::NativeAPI::NativeConnectionWrapper>'
C:\Program Files (x86)\MySQL\MySQL Connector C++ 1.1.7\include\mysql_connection.h(179): warning C4251: 'sql::mysql::MySQL_Connection::service': class 'boost::scoped_ptr<sql::mysql::MySQL_Statement>' needs to have dll-interface to be used by clients of class 'sql::mysql::MySQL_Connection'
  C:\Program Files (x86)\MySQL\MySQL Connector C++ 1.1.7\include\mysql_connection.h(179): note: see declaration of 'boost::scoped_ptr<sql::mysql::MySQL_Statement>'
C:\Program Files (x86)\MySQL\MySQL Connector C++ 1.1.7\include\mysql_connection.h(181): warning C4251: 'sql::mysql::MySQL_Connection::intern': class 'boost::scoped_ptr<sql::mysql::MySQL_ConnectionData>' needs to have dll-interface to be used by clients of class 'sql::mysql::MySQL_Connection'
  C:\Program Files (x86)\MySQL\MySQL Connector C++ 1.1.7\include\mysql_connection.h(181): note: see declaration of 'boost::scoped_ptr<sql::mysql::MySQL_ConnectionData>'
MySQLDBI_Attendance.cpp(1078): warning C4551: function call missing argument list
  Generating code
c:\users\rocki\documents\visual studio 2015\projects\mysqldbi_attendance\mysqldbi_attendance\mysqldbi_attendance.cpp(125): warning C4715: 'DBI::selectUser': not all control paths return a value
c:\users\rocki\documents\visual studio 2015\projects\mysqldbi_attendance\mysqldbi_attendance\mysqldbi_attendance.cpp(617): warning C4715: 'DBI::SelectAttendanceDetailsUser': not all control paths return a value
c:\users\rocki\documents\visual studio 2015\projects\mysqldbi_attendance\mysqldbi_attendance\mysqldbi_attendance.cpp(709): warning C4715: 'DBI::SelectAttendanceDetailsAdmin': not all control paths return a value
c:\users\rocki\documents\visual studio 2015\projects\mysqldbi_attendance\mysqldbi_attendance\mysqldbi_attendance.cpp(532): warning C4715: 'DBI::createClass': not all control paths return a value
c:\users\rocki\documents\visual studio 2015\projects\mysqldbi_attendance\mysqldbi_attendance\mysqldbi_attendance.cpp(480): warning C4715: 'DBI::SelectClassDetails': not all control paths return a value
c:\users\rocki\documents\visual studio 2015\projects\mysqldbi_attendance\mysqldbi_attendance\mysqldbi_attendance.cpp(446): warning C4715: 'DBI::SelectClassID': not all control paths return a value
c:\users\rocki\documents\visual studio 2015\projects\mysqldbi_attendance\mysqldbi_attendance\mysqldbi_attendance.cpp(386): warning C4715: 'DBI::AdminSelectClass': not all control paths return a value
c:\users\rocki\documents\visual studio 2015\projects\mysqldbi_attendance\mysqldbi_attendance\mysqldbi_attendance.cpp(232): warning C4715: 'DBI::SelectEnrollmentList': not all control paths return a value
c:\users\rocki\documents\visual studio 2015\projects\mysqldbi_attendance\mysqldbi_attendance\mysqldbi_attendance.cpp(192): warning C4715: 'DBI::UserSelectClass': not all control paths return a value
  33 of 314 functions (10.5%) were compiled, the rest were copied from previous compilation.
    13 functions were new in current compilation
    34 functions had inline decision re-evaluated but remain unchanged
  Finished generating code
  MySQLDBI_Attendance.vcxproj -> C:\Users\rocki\documents\visual studio 2015\Projects\MySQLDBI_Attendance\Release\MySQLDBI_Attendance.exe
  MySQLDBI_Attendance.vcxproj -> C:\Users\rocki\documents\visual studio 2015\Projects\MySQLDBI_Attendance\Release\MySQLDBI_Attendance.pdb (Full PDB)
